Projet AR bertrandt/Library/Bee/Android/Prj/IL2CPP/Gradle/launcher/build/intermediates/manifest_merge_blame_file/release/manifest-merger-blame-release-report.txt
1<?xml version="1.0" encoding="utf-8"?>
2<manifest xmlns:android="http://schemas.android.com/apk/res/android"
3    package="com.unity.template.ar_mobile"
4    android:installLocation="preferExternal"
5    android:versionCode="1"
6    android:versionName="1.0.0" >
7
8    <uses-sdk
9        android:minSdkVersion="24"
9-->src\main\AndroidManifest.xml
10        android:targetSdkVersion="24" />
10-->src\main\AndroidManifest.xml
11
12    <supports-screens
12-->src\main\AndroidManifest.xml:4:3-163
13        android:anyDensity="true"
13-->src\main\AndroidManifest.xml:4:135-160
14        android:largeScreens="true"
14-->src\main\AndroidManifest.xml:4:78-105
15        android:normalScreens="true"
15-->src\main\AndroidManifest.xml:4:49-77
16        android:smallScreens="true"
16-->src\main\AndroidManifest.xml:4:21-48
17        android:xlargeScreens="true" />
17-->src\main\AndroidManifest.xml:4:106-134
18
19    <uses-permission android:name="android.permission.INTERNET" />
19-->[:unityLibrary] AndroidManifest.xml:8:5-67
19-->[:unityLibrary] AndroidManifest.xml:8:22-64
20
21    <uses-feature android:glEsVersion="0x00030000" />
21-->[:unityLibrary] AndroidManifest.xml:10:5-54
21-->[:unityLibrary] AndroidManifest.xml:10:19-51
22    <uses-feature
22-->[:unityLibrary] AndroidManifest.xml:11:5-13:36
23        android:name="android.hardware.touchscreen"
23-->[:unityLibrary] AndroidManifest.xml:12:9-52
24        android:required="false" />
24-->[:unityLibrary] AndroidManifest.xml:13:9-33
25    <uses-feature
25-->[:unityLibrary] AndroidManifest.xml:14:5-16:36
26        android:name="android.hardware.touchscreen.multitouch"
26-->[:unityLibrary] AndroidManifest.xml:15:9-63
27        android:required="false" />
27-->[:unityLibrary] AndroidManifest.xml:16:9-33
28    <uses-feature
28-->[:unityLibrary] AndroidManifest.xml:17:5-19:36
29        android:name="android.hardware.touchscreen.multitouch.distinct"
29-->[:unityLibrary] AndroidManifest.xml:18:9-72
30        android:required="false" />
30-->[:unityLibrary] AndroidManifest.xml:19:9-33
31
32    <uses-permission android:name="android.permission.CAMERA" />
32-->[:unityLibrary] AndroidManifest.xml:21:5-65
32-->[:unityLibrary] AndroidManifest.xml:21:22-62
33
34    <uses-feature
34-->[:unityLibrary] AndroidManifest.xml:23:5-25:35
35        android:name="android.hardware.camera.ar"
35-->[:unityLibrary] AndroidManifest.xml:24:9-50
36        android:required="true" />
36-->[:unityLibrary] AndroidManifest.xml:25:9-32
37    <uses-feature
37-->[:unityLibrary] AndroidManifest.xml:26:5-28:35
38        android:name="com.google.ar.core.depth"
38-->[:unityLibrary] AndroidManifest.xml:27:9-48
39        android:required="true" />
39-->[:unityLibrary] AndroidManifest.xml:28:9-32
40
41    <queries>
41-->[:arcore_client:] AndroidManifest.xml:20:5-27:15
42        <package android:name="com.google.ar.core" />
42-->[:arcore_client:] AndroidManifest.xml:21:9-54
42-->[:arcore_client:] AndroidManifest.xml:21:18-51
43        <package android:name="com.android.vending" />
43-->[:arcore_client:] AndroidManifest.xml:22:9-55
43-->[:arcore_client:] AndroidManifest.xml:22:18-52
44
45        <intent>
45-->[:arcore_client:] AndroidManifest.xml:24:9-26:18
46            <action android:name="com.google.android.play.core.install.BIND_INSTALL_SERVICE" />
46-->[:arcore_client:] AndroidManifest.xml:25:13-96
46-->[:arcore_client:] AndroidManifest.xml:25:21-93
47        </intent>
48    </queries>
49
50    <uses-permission android:name="android.permission.WRITE_EXTERNAL_STORAGE" />
51    <uses-permission android:name="android.permission.READ_PHONE_STATE" />
52    <uses-permission android:name="android.permission.READ_EXTERNAL_STORAGE" />
53
54    <application
54-->src\main\AndroidManifest.xml:3:3-83
55        android:extractNativeLibs="true"
55-->[:unityLibrary] AndroidManifest.xml:30:18-50
56        android:icon="@mipmap/app_icon"
56-->src\main\AndroidManifest.xml:3:49-80
57        android:label="@string/app_name" >
57-->src\main\AndroidManifest.xml:3:16-48
58        <meta-data
58-->[:unityLibrary] AndroidManifest.xml:31:9-33:33
59            android:name="unity.splash-mode"
59-->[:unityLibrary] AndroidManifest.xml:32:13-45
60            android:value="0" />
60-->[:unityLibrary] AndroidManifest.xml:33:13-30
61        <meta-data
61-->[:unityLibrary] AndroidManifest.xml:34:9-36:36
62            android:name="unity.splash-enable"
62-->[:unityLibrary] AndroidManifest.xml:35:13-47
63            android:value="True" />
63-->[:unityLibrary] AndroidManifest.xml:36:13-33
64        <meta-data
64-->[:unityLibrary] AndroidManifest.xml:37:9-39:36
65            android:name="unity.launch-fullscreen"
65-->[:unityLibrary] AndroidManifest.xml:38:13-51
66            android:value="True" />
66-->[:unityLibrary] AndroidManifest.xml:39:13-33
67        <meta-data
67-->[:unityLibrary] AndroidManifest.xml:40:9-42:35
68            android:name="android.max_aspect"
68-->[:unityLibrary] AndroidManifest.xml:41:13-46
69            android:value="2.1" />
69-->[:unityLibrary] AndroidManifest.xml:42:13-32
70        <meta-data
70-->[:unityLibrary] AndroidManifest.xml:43:9-45:36
71            android:name="unity.render-outside-safearea"
71-->[:unityLibrary] AndroidManifest.xml:44:13-57
72            android:value="True" />
72-->[:unityLibrary] AndroidManifest.xml:45:13-33
73        <meta-data
73-->[:unityLibrary] AndroidManifest.xml:46:9-48:50
74            android:name="notch.config"
74-->[:unityLibrary] AndroidManifest.xml:47:13-40
75            android:value="portrait|landscape" />
75-->[:unityLibrary] AndroidManifest.xml:48:13-47
76        <meta-data
76-->[:unityLibrary] AndroidManifest.xml:49:9-51:36
77            android:name="unity.auto-report-fully-drawn"
77-->[:unityLibrary] AndroidManifest.xml:50:13-57
78            android:value="true" />
78-->[:unityLibrary] AndroidManifest.xml:51:13-33
79
80        <activity
80-->[:unityLibrary] AndroidManifest.xml:53:9-73:20
81            android:name="com.unity3d.player.UnityPlayerActivity"
81-->[:unityLibrary] AndroidManifest.xml:54:13-66
82            android:configChanges="mcc|mnc|locale|touchscreen|keyboard|keyboardHidden|navigation|orientation|screenLayout|uiMode|screenSize|smallestScreenSize|fontScale|layoutDirection|density"
82-->[:unityLibrary] AndroidManifest.xml:55:13-194
83            android:hardwareAccelerated="false"
83-->[:unityLibrary] AndroidManifest.xml:56:13-48
84            android:launchMode="singleTask"
84-->[:unityLibrary] AndroidManifest.xml:57:13-44
85            android:resizeableActivity="false"
85-->[:unityLibrary] AndroidManifest.xml:58:13-47
86            android:screenOrientation="portrait"
86-->[:unityLibrary] AndroidManifest.xml:59:13-49
87            android:theme="@style/UnityThemeSelector" >
87-->[:unityLibrary] AndroidManifest.xml:60:13-54
88            <intent-filter>
88-->[:unityLibrary] AndroidManifest.xml:61:13-65:29
89                <category android:name="android.intent.category.LAUNCHER" />
89-->[:unityLibrary] AndroidManifest.xml:62:17-77
89-->[:unityLibrary] AndroidManifest.xml:62:27-74
90
91                <action android:name="android.intent.action.MAIN" />
91-->[:unityLibrary] AndroidManifest.xml:64:17-69
91-->[:unityLibrary] AndroidManifest.xml:64:25-66
92            </intent-filter>
93
94            <meta-data
94-->[:unityLibrary] AndroidManifest.xml:67:13-69:40
95                android:name="unityplayer.UnityActivity"
95-->[:unityLibrary] AndroidManifest.xml:68:17-57
96                android:value="true" />
96-->[:unityLibrary] AndroidManifest.xml:69:17-37
97            <meta-data
97-->[:unityLibrary] AndroidManifest.xml:70:13-72:40
98                android:name="notch_support"
98-->[:unityLibrary] AndroidManifest.xml:71:17-45
99                android:value="true" />
99-->[:unityLibrary] AndroidManifest.xml:72:17-37
100        </activity>
101
102        <meta-data
102-->[:unityLibrary] AndroidManifest.xml:75:9-77:36
103            android:name="unityplayer.SkipPermissionsDialog"
103-->[:unityLibrary] AndroidManifest.xml:76:13-61
104            android:value="true" />
104-->[:unityLibrary] AndroidManifest.xml:77:13-33
105        <meta-data
105-->[:unityLibrary] AndroidManifest.xml:78:9-80:40
106            android:name="com.google.ar.core"
106-->[:unityLibrary] AndroidManifest.xml:79:13-46
107            android:value="required" /> <!-- The minimal version code of ARCore APK required for an app using this SDK. -->
107-->[:unityLibrary] AndroidManifest.xml:80:13-37
108        <meta-data
108-->[:arcore_client:] AndroidManifest.xml:32:9-34:41
109            android:name="com.google.ar.core.min_apk_version"
109-->[:arcore_client:] AndroidManifest.xml:33:13-62
110            android:value="240220000" /> <!-- This activity is critical for installing ARCore when it is not already present. -->
110-->[:arcore_client:] AndroidManifest.xml:34:13-38
111        <activity
111-->[:arcore_client:] AndroidManifest.xml:36:9-42:80
112            android:name="com.google.ar.core.InstallActivity"
112-->[:arcore_client:] AndroidManifest.xml:37:13-62
113            android:configChanges="keyboardHidden|orientation|screenSize"
113-->[:arcore_client:] AndroidManifest.xml:38:13-74
114            android:excludeFromRecents="true"
114-->[:arcore_client:] AndroidManifest.xml:39:13-46
115            android:exported="false"
115-->[:arcore_client:] AndroidManifest.xml:40:13-37
116            android:launchMode="singleTop"
116-->[:arcore_client:] AndroidManifest.xml:41:13-43
117            android:theme="@android:style/Theme.Material.Light.Dialog.Alert" />
117-->[:arcore_client:] AndroidManifest.xml:42:13-77
118    </application>
119
120</manifest>